# Nmap 7.80 scan initiated Thu Jul 16 11:12:57 2020 as: nmap -sC -sV -oN nmap.out sneakycorp.htb
Nmap scan report for sneakycorp.htb (10.10.10.197)
Host is up (0.19s latency).
Not shown: 993 closed ports
PORT     STATE SERVICE  VERSION
21/tcp   open  ftp      vsftpd 3.0.3
22/tcp   open  ssh      OpenSSH 7.9p1 Debian 10+deb10u2 (protocol 2.0)
| ssh-hostkey: 
|   2048 57:c9:00:35:36:56:e6:6f:f6:de:86:40:b2:ee:3e:fd (RSA)
|   256 d8:21:23:28:1d:b8:30:46:e2:67:2d:59:65:f0:0a:05 (ECDSA)
|_  256 5e:4f:23:4e:d4:90:8e:e9:5e:89:74:b3:19:0c:fc:1a (ED25519)
25/tcp   open  smtp     Postfix smtpd
|_smtp-commands: debian, PIPELINING, SIZE 10240000, VRFY, ETRN, STARTTLS, ENHANCEDSTATUSCODES, 8BITMIME, DSN, SMTPUTF8, CHUNKING, 
80/tcp   open  http     nginx 1.14.2
|_http-server-header: nginx/1.14.2
|_http-title: Employee - Dashboard
143/tcp  open  imap     Courier Imapd (released 2018)
|_imap-capabilities: CHILDREN CAPABILITY IDLE IMAP4rev1 ENABLE SORT QUOTA THREAD=REFERENCES OK STARTTLS ACL completed ACL2=UNION NAMESPACE THREAD=ORDEREDSUBJECT UTF8=ACCEPTA0001 UIDPLUS
| ssl-cert: Subject: commonName=localhost/organizationName=Courier Mail Server/stateOrProvinceName=NY/countryName=US
| Subject Alternative Name: email:postmaster@example.com
| Not valid before: 2020-05-14T17:14:21
|_Not valid after:  2021-05-14T17:14:21
|_ssl-date: TLS randomness does not represent time
993/tcp  open  ssl/imap Courier Imapd (released 2018)
|_imap-capabilities: CHILDREN CAPABILITY IDLE IMAP4rev1 AUTH=PLAIN SORT QUOTA THREAD=REFERENCES OK ACL completed ACL2=UNION NAMESPACE THREAD=ORDEREDSUBJECT ENABLE UTF8=ACCEPTA0001 UIDPLUS
| ssl-cert: Subject: commonName=localhost/organizationName=Courier Mail Server/stateOrProvinceName=NY/countryName=US
| Subject Alternative Name: email:postmaster@example.com
| Not valid before: 2020-05-14T17:14:21
|_Not valid after:  2021-05-14T17:14:21
|_ssl-date: TLS randomness does not represent time
8080/tcp open  http     nginx 1.14.2
|_http-open-proxy: Proxy might be redirecting requests
|_http-server-header: nginx/1.14.2
|_http-title: Welcome to nginx!
Service Info: Host:  debian; OSs: Unix, Linux; CPE: cpe:/o:linux:linux_kernel

Service detection performed. Please report any incorrect results at https://nmap.org/submit/ .
# Nmap done at Thu Jul 16 11:14:17 2020 -- 1 IP address (1 host up) scanned in 79.82 seconds
