# Nmap 7.80 scan initiated Sun Mar 29 16:20:31 2020 as: nmap -sC -sV -o nmap.out 10.10.10.169
Nmap scan report for 10.10.10.169
Host is up (0.19s latency).
Not shown: 961 closed ports, 28 filtered ports
PORT     STATE SERVICE      VERSION
53/tcp   open  domain?
| fingerprint-strings: 
|   DNSVersionBindReqTCP: 
|     version
|_    bind
88/tcp   open  kerberos-sec Microsoft Windows Kerberos (server time: 2020-03-29 10:57:50Z)
135/tcp  open  msrpc        Microsoft Windows RPC
139/tcp  open  netbios-ssn  Microsoft Windows netbios-ssn
389/tcp  open  ldap         Microsoft Windows Active Directory LDAP (Domain: megabank.local, Site: Default-First-Site-Name)
445/tcp  open  microsoft-ds Windows Server 2016 Standard 14393 microsoft-ds (workgroup: MEGABANK)
464/tcp  open  kpasswd5?
593/tcp  open  ncacn_http   Microsoft Windows RPC over HTTP 1.0
636/tcp  open  tcpwrapped
3268/tcp open  ldap         Microsoft Windows Active Directory LDAP (Domain: megabank.local, Site: Default-First-Site-Name)
3269/tcp open  tcpwrapped
1 service unrecognized despite returning data. If you know the service/version, please submit the following fingerprint at https://nmap.org/cgi-bin/submit.cgi?new-service :
SF-Port53-TCP:V=7.80%I=7%D=3/29%Time=5E807DA9%P=x86_64-apple-darwin19.0.0%
SF:r(DNSVersionBindReqTCP,20,"\0\x1e\0\x06\x81\x04\0\x01\0\0\0\0\0\0\x07ve
SF:rsion\x04bind\0\0\x10\0\x03");
Service Info: Host: RESOLUTE; OS: Windows; CPE: cpe:/o:microsoft:windows

Host script results:
|_clock-skew: mean: 2h26m35s, deviation: 4h02m32s, median: 6m33s
| smb-os-discovery: 
|   OS: Windows Server 2016 Standard 14393 (Windows Server 2016 Standard 6.3)
|   Computer name: Resolute
|   NetBIOS computer name: RESOLUTE\x00
|   Domain name: megabank.local
|   Forest name: megabank.local
|   FQDN: Resolute.megabank.local
|_  System time: 2020-03-29T03:58:13-07:00
| smb-security-mode: 
|   account_used: guest
|   authentication_level: user
|   challenge_response: supported
|_  message_signing: required
| smb2-security-mode: 
|   2.02: 
|_    Message signing enabled and required
| smb2-time: 
|   date: 2020-03-29T10:58:11
|_  start_date: 2020-03-29T10:18:44

Service detection performed. Please report any incorrect results at https://nmap.org/submit/ .
# Nmap done at Sun Mar 29 16:23:51 2020 -- 1 IP address (1 host up) scanned in 199.98 seconds
