# Nmap 7.80 scan initiated Thu May  7 17:12:13 2020 as: nmap -sC -sV -A -o nmap.out sauna.htb
Nmap scan report for sauna.htb (10.10.10.175)
Host is up (0.22s latency).
Not shown: 988 filtered ports
PORT     STATE SERVICE       VERSION
53/tcp   open  domain?
| fingerprint-strings: 
|   DNSVersionBindReqTCP: 
|     version
|_    bind
80/tcp   open  http          Microsoft IIS httpd 10.0
| http-methods: 
|_  Potentially risky methods: TRACE
|_http-server-header: Microsoft-IIS/10.0
|_http-title: Egotistical Bank :: Home
88/tcp   open  kerberos-sec  Microsoft Windows Kerberos (server time: 2020-05-07 18:46:09Z)
135/tcp  open  msrpc         Microsoft Windows RPC
139/tcp  open  netbios-ssn   Microsoft Windows netbios-ssn
389/tcp  open  ldap          Microsoft Windows Active Directory LDAP (Domain: EGOTISTICAL-BANK.LOCAL0., Site: Default-First-Site-Name)
445/tcp  open  microsoft-ds?
464/tcp  open  kpasswd5?
593/tcp  open  ncacn_http    Microsoft Windows RPC over HTTP 1.0
636/tcp  open  tcpwrapped
3268/tcp open  ldap          Microsoft Windows Active Directory LDAP (Domain: EGOTISTICAL-BANK.LOCAL0., Site: Default-First-Site-Name)
3269/tcp open  tcpwrapped
1 service unrecognized despite returning data. If you know the service/version, please submit the following fingerprint at https://nmap.org/cgi-bin/submit.cgi?new-service :
SF-Port53-TCP:V=7.80%I=7%D=5/7%Time=5EB3F433%P=x86_64-apple-darwin19.0.0%r
SF:(DNSVersionBindReqTCP,20,"\0\x1e\0\x06\x81\x04\0\x01\0\0\0\0\0\0\x07ver
SF:sion\x04bind\0\0\x10\0\x03");
Service Info: Host: SAUNA; OS: Windows; CPE: cpe:/o:microsoft:windows

Host script results:
|_clock-skew: 7h03m30s
| smb2-security-mode: 
|   2.02: 
|_    Message signing enabled and required
| smb2-time: 
|   date: 2020-05-07T18:48:37
|_  start_date: N/A

Service detection performed. Please report any incorrect results at https://nmap.org/submit/ .
# Nmap done at Thu May  7 17:17:43 2020 -- 1 IP address (1 host up) scanned in 330.63 seconds
