# Nmap 7.80 scan initiated Sat Apr  4 17:50:32 2020 as: nmap -sC -sV -o nmap.out forest.htb
Nmap scan report for forest.htb (10.10.10.161)
Host is up (0.16s latency).
Not shown: 989 closed ports
PORT     STATE SERVICE      VERSION
53/tcp   open  domain?
| fingerprint-strings: 
|   DNSVersionBindReqTCP: 
|     version
|_    bind
88/tcp   open  kerberos-sec Microsoft Windows Kerberos (server time: 2020-04-04 12:30:28Z)
135/tcp  open  msrpc        Microsoft Windows RPC
139/tcp  open  netbios-ssn  Microsoft Windows netbios-ssn
389/tcp  open  ldap         Microsoft Windows Active Directory LDAP (Domain: htb.local, Site: Default-First-Site-Name)
445/tcp  open  microsoft-ds Windows Server 2016 Standard 14393 microsoft-ds (workgroup: HTB)
464/tcp  open  kpasswd5?
593/tcp  open  ncacn_http   Microsoft Windows RPC over HTTP 1.0
636/tcp  open  tcpwrapped
3268/tcp open  ldap         Microsoft Windows Active Directory LDAP (Domain: htb.local, Site: Default-First-Site-Name)
3269/tcp open  tcpwrapped
1 service unrecognized despite returning data. If you know the service/version, please submit the following fingerprint at https://nmap.org/cgi-bin/submit.cgi?new-service :
SF-Port53-TCP:V=7.80%I=7%D=4/4%Time=5E887BAB%P=x86_64-apple-darwin19.0.0%r
SF:(DNSVersionBindReqTCP,20,"\0\x1e\0\x06\x81\x04\0\x01\0\0\0\0\0\0\x07ver
SF:sion\x04bind\0\0\x10\0\x03");
Service Info: Host: FOREST; OS: Windows; CPE: cpe:/o:microsoft:windows

Host script results:
|_clock-skew: mean: 2h29m34s, deviation: 4h02m32s, median: 9m32s
| smb-os-discovery: 
|   OS: Windows Server 2016 Standard 14393 (Windows Server 2016 Standard 6.3)
|   Computer name: FOREST
|   NetBIOS computer name: FOREST\x00
|   Domain name: htb.local
|   Forest name: htb.local
|   FQDN: FOREST.htb.local
|_  System time: 2020-04-04T05:32:53-07:00
| smb-security-mode: 
|   account_used: guest
|   authentication_level: user
|   challenge_response: supported
|_  message_signing: required
| smb2-security-mode: 
|   2.02: 
|_    Message signing enabled and required
| smb2-time: 
|   date: 2020-04-04T12:32:52
|_  start_date: 2020-04-03T22:01:21

Service detection performed. Please report any incorrect results at https://nmap.org/submit/ .
# Nmap done at Sat Apr  4 17:55:31 2020 -- 1 IP address (1 host up) scanned in 299.48 seconds
