# Nmap 7.80 scan initiated Wed Jun 17 15:33:09 2020 as: nmap -p53-9389 -A -sC -sV -oN nmap.out fuse.htb
Nmap scan report for fuse.htb (10.10.10.193)
Host is up (0.19s latency).
Not shown: 9323 filtered ports
PORT     STATE SERVICE      VERSION
53/tcp   open  domain?
| fingerprint-strings: 
|   DNSVersionBindReqTCP: 
|     version
|_    bind
80/tcp   open  http         Microsoft IIS httpd 10.0
| http-methods: 
|_  Potentially risky methods: TRACE
|_http-server-header: Microsoft-IIS/10.0
|_http-title: Site doesn't have a title (text/html).
88/tcp   open  kerberos-sec Microsoft Windows Kerberos (server time: 2020-06-17 10:21:44Z)
135/tcp  open  msrpc        Microsoft Windows RPC
139/tcp  open  netbios-ssn  Microsoft Windows netbios-ssn
389/tcp  open  ldap         Microsoft Windows Active Directory LDAP (Domain: fabricorp.local, Site: Default-First-Site-Name)
445/tcp  open  microsoft-ds Windows Server 2016 Standard 14393 microsoft-ds (workgroup: FABRICORP)
464/tcp  open  kpasswd5?
593/tcp  open  ncacn_http   Microsoft Windows RPC over HTTP 1.0
636/tcp  open  tcpwrapped
3268/tcp open  ldap         Microsoft Windows Active Directory LDAP (Domain: fabricorp.local, Site: Default-First-Site-Name)
3269/tcp open  tcpwrapped
5985/tcp open  http         Microsoft HTTPAPI httpd 2.0 (SSDP/UPnP)
|_http-server-header: Microsoft-HTTPAPI/2.0
|_http-title: Not Found
9389/tcp open  mc-nmf       .NET Message Framing
1 service unrecognized despite returning data. If you know the service/version, please submit the following fingerprint at https://nmap.org/cgi-bin/submit.cgi?new-service :
SF-Port53-TCP:V=7.80%I=7%D=6/17%Time=5EE9EAA9%P=x86_64-apple-darwin19.0.0%
SF:r(DNSVersionBindReqTCP,20,"\0\x1e\0\x06\x81\x04\0\x01\0\0\0\0\0\0\x07ve
SF:rsion\x04bind\0\0\x10\0\x03");
Service Info: Host: FUSE; OS: Windows; CPE: cpe:/o:microsoft:windows

Host script results:
|_clock-skew: mean: 2h37m24s, deviation: 4h02m31s, median: 17m23s
| smb-os-discovery: 
|   OS: Windows Server 2016 Standard 14393 (Windows Server 2016 Standard 6.3)
|   Computer name: Fuse
|   NetBIOS computer name: FUSE\x00
|   Domain name: fabricorp.local
|   Forest name: fabricorp.local
|   FQDN: Fuse.fabricorp.local
|_  System time: 2020-06-17T03:24:16-07:00
| smb-security-mode: 
|   account_used: guest
|   authentication_level: user
|   challenge_response: supported
|_  message_signing: required
| smb2-security-mode: 
|   2.02: 
|_    Message signing enabled and required
| smb2-time: 
|   date: 2020-06-17T10:24:13
|_  start_date: 2020-06-17T09:06:22

Service detection performed. Please report any incorrect results at https://nmap.org/submit/ .
# Nmap done at Wed Jun 17 15:39:30 2020 -- 1 IP address (1 host up) scanned in 380.53 seconds
