# Nmap 7.80 scan initiated Sun Apr  5 19:11:55 2020 as: nmap -sC -sV -o nmap.out forwardslash.htb
Nmap scan report for forwardslash.htb (10.10.10.183)
Host is up (0.16s latency).
Not shown: 998 closed ports
PORT   STATE SERVICE VERSION
22/tcp open  ssh     OpenSSH 7.6p1 Ubuntu 4ubuntu0.3 (Ubuntu Linux; protocol 2.0)
| ssh-hostkey: 
|   2048 3c:3b:eb:54:96:81:1d:da:d7:96:c7:0f:b4:7e:e1:cf (RSA)
|   256 f6:b3:5f:a2:59:e3:1e:57:35:36:c3:fe:5e:3d:1f:66 (ECDSA)
|_  256 1b:de:b8:07:35:e8:18:2c:19:d8:cc:dd:77:9c:f2:5e (ED25519)
80/tcp open  http    Apache/2.4.29 (Ubuntu)
| fingerprint-strings: 
|   Help: 
|     HTTP/1.1 400 Bad Request
|     Date: Sun, 05 Apr 2020 13:45:59 GMT
|     Server: Apache/2.4.29 (Ubuntu)
|     Content-Length: 301
|     Connection: close
|     Content-Type: text/html; charset=iso-8859-1
|     <!DOCTYPE HTML PUBLIC "-//IETF//DTD HTML 2.0//EN">
|     <html><head>
|     <title>400 Bad Request</title>
|     </head><body>
|     <h1>Bad Request</h1>
|     <p>Your browser sent a request that this server could not understand.<br />
|     </p>
|     <hr>
|     <address>Apache/2.4.29 (Ubuntu) Server at 127.0.1.1 Port 80</address>
|_    </body></html>
|_http-server-header: Apache/2.4.29 (Ubuntu)
1 service unrecognized despite returning data. If you know the service/version, please submit the following fingerprint at https://nmap.org/cgi-bin/submit.cgi?new-service :
SF-Port80-TCP:V=7.80%I=7%D=4/5%Time=5E89E071%P=x86_64-apple-darwin19.0.0%r
SF:(Help,1E3,"HTTP/1\.1\x20400\x20Bad\x20Request\r\nDate:\x20Sun,\x2005\x2
SF:0Apr\x202020\x2013:45:59\x20GMT\r\nServer:\x20Apache/2\.4\.29\x20\(Ubun
SF:tu\)\r\nContent-Length:\x20301\r\nConnection:\x20close\r\nContent-Type:
SF:\x20text/html;\x20charset=iso-8859-1\r\n\r\n<!DOCTYPE\x20HTML\x20PUBLIC
SF:\x20\"-//IETF//DTD\x20HTML\x202\.0//EN\">\n<html><head>\n<title>400\x20
SF:Bad\x20Request</title>\n</head><body>\n<h1>Bad\x20Request</h1>\n<p>Your
SF:\x20browser\x20sent\x20a\x20request\x20that\x20this\x20server\x20could\
SF:x20not\x20understand\.<br\x20/>\n</p>\n<hr>\n<address>Apache/2\.4\.29\x
SF:20\(Ubuntu\)\x20Server\x20at\x20127\.0\.1\.1\x20Port\x2080</address>\n<
SF:/body></html>\n");
Service Info: OS: Linux; CPE: cpe:/o:linux:linux_kernel

Service detection performed. Please report any incorrect results at https://nmap.org/submit/ .
# Nmap done at Sun Apr  5 19:16:29 2020 -- 1 IP address (1 host up) scanned in 273.32 seconds
